<html>
<head>
<title>TestNG:  Tribonacci-Test</title>
<link href="../testng.css" rel="stylesheet" type="text/css" />
<link href="../my-testng.css" rel="stylesheet" type="text/css" />

<style type="text/css">
.log { display: none;} 
.stack-trace { display: none;} 
</style>
<script type="text/javascript">
<!--
function flip(e) {
  current = e.style.display;
  if (current == 'block') {
    e.style.display = 'none';
    return 0;
  }
  else {
    e.style.display = 'block';
    return 1;
  }
}

function toggleBox(szDivId, elem, msg1, msg2)
{
  var res = -1;  if (document.getElementById) {
    res = flip(document.getElementById(szDivId));
  }
  else if (document.all) {
    // this is the way old msie versions work
    res = flip(document.all[szDivId]);
  }
  if(elem) {
    if(res == 0) elem.innerHTML = msg1; else elem.innerHTML = msg2;
  }

}

function toggleAllBoxes() {
  if (document.getElementsByTagName) {
    d = document.getElementsByTagName('div');
    for (i = 0; i < d.length; i++) {
      if (d[i].className == 'log') {
        flip(d[i]);
      }
    }
  }
}

// -->
</script>

</head>
<body>
<h2 align='center'>Tribonacci-Test</h2><table border='1' align="center">
<tr>
<td>Tests passed/Failed/Skipped:</td><td>0/0/14</td>
</tr><tr>
<td>Started on:</td><td>Thu Apr 14 15:28:30 BST 2016</td>
</tr>
<tr><td>Total time:</td><td>0 seconds (27 ms)</td>
</tr><tr>
<td>Included groups:</td><td></td>
</tr><tr>
<td>Excluded groups:</td><td></td>
</tr>
</table><p/>
<small><i>(Hover the method name to see the test class name)</i></small><p/>
<table width='100%' border='1' class='invocation-failed'>
<tr><td colspan='4' align='center'><b>FAILED CONFIGURATIONS</b></td></tr>
<tr><td><b>Test method</b></td>
<td width="30%"><b>Exception</b></td>
<td width="10%"><b>Time (seconds)</b></td>
<td><b>Instance</b></td>
</tr>
<tr>
<td title='org.gradle.TribonacciTest.setupBeforeTest()'><b>setupBeforeTest</b><br>Test class: org.gradle.TribonacciTest</td>
<td><div><pre>org.testng.TestNGException: 
Parameter &apos;test-name&apos; is required by @Configuration on method setupBeforeTest but has not been marked @Optional or defined
in C:\Users\horia\eclipse_workspace\Markit\tribonacci_test.xml
	at java.util.concurrent.FutureTask.run(Unknown Source)
	at java.util.concurrent.ThreadPoolExecutor.runWorker(Unknown Source)
	at java.util.concurrent.ThreadPoolExecutor$Worker.run(Unknown Source)
	at java.lang.Thread.run(Unknown Source)
... Removed 11 stack frames</pre></div><a href='#' onClick='toggleBox("stack-trace1811890134", this, "Click to show all stack frames", "Click to hide stack frames")'>Click to show all stack frames</a>
<div class='stack-trace' id='stack-trace1811890134'><pre>org.testng.TestNGException: 
Parameter &apos;test-name&apos; is required by @Configuration on method setupBeforeTest but has not been marked @Optional or defined
in C:\Users\horia\eclipse_workspace\Markit\tribonacci_test.xml
	at org.testng.internal.Parameters.createParameters(Parameters.java:154)
	at org.testng.internal.Parameters.createParameters(Parameters.java:361)
	at org.testng.internal.Parameters.createConfigurationParameters(Parameters.java:84)
	at org.testng.internal.Invoker.invokeConfigurations(Invoker.java:202)
	at org.testng.internal.Invoker.invokeConfigurations(Invoker.java:143)
	at org.testng.TestRunner.beforeRun(TestRunner.java:656)
	at org.testng.TestRunner.run(TestRunner.java:624)
	at org.testng.SuiteRunner.runTest(SuiteRunner.java:366)
	at org.testng.SuiteRunner.access$000(SuiteRunner.java:39)
	at org.testng.SuiteRunner$SuiteWorker.run(SuiteRunner.java:400)
	at org.testng.internal.thread.ThreadUtil$2.call(ThreadUtil.java:64)
	at java.util.concurrent.FutureTask.run(Unknown Source)
	at java.util.concurrent.ThreadPoolExecutor.runWorker(Unknown Source)
	at java.util.concurrent.ThreadPoolExecutor$Worker.run(Unknown Source)
	at java.lang.Thread.run(Unknown Source)
</pre></div></td>
<td>0</td>
<td>null</td></tr>
</table><p>
<table width='100%' border='1' class='invocation-skipped'>
<tr><td colspan='4' align='center'><b>SKIPPED TESTS</b></td></tr>
<tr><td><b>Test method</b></td>
<td width="30%"><b>Exception</b></td>
<td width="10%"><b>Time (seconds)</b></td>
<td><b>Instance</b></td>
</tr>
<tr>
<td title='org.gradle.TribonacciTest.testGetTribonacciIterativeReturnsFirstElementWhichIs_0()'><b>testGetTribonacciIterativeReturnsFirstElementWhichIs_0</b><br>Test class: org.gradle.TribonacciTest</td>
<td></td>
<td>0</td>
<td>org.gradle.TribonacciTest@3c756e4d</td></tr>
<tr>
<td title='org.gradle.TribonacciTest.testGetTribonacciIterativeReturnsFithElementWhichIs_2()'><b>testGetTribonacciIterativeReturnsFithElementWhichIs_2</b><br>Test class: org.gradle.TribonacciTest</td>
<td></td>
<td>0</td>
<td>org.gradle.TribonacciTest@3c756e4d</td></tr>
<tr>
<td title='org.gradle.TribonacciTest.testGetTribonacciIterativeReturnsFourthElementWhichIs_1()'><b>testGetTribonacciIterativeReturnsFourthElementWhichIs_1</b><br>Test class: org.gradle.TribonacciTest</td>
<td></td>
<td>0</td>
<td>org.gradle.TribonacciTest@3c756e4d</td></tr>
<tr>
<td title='org.gradle.TribonacciTest.testGetTribonacciIterativeReturnsSecondElementWhichIs_0()'><b>testGetTribonacciIterativeReturnsSecondElementWhichIs_0</b><br>Test class: org.gradle.TribonacciTest</td>
<td></td>
<td>0</td>
<td>org.gradle.TribonacciTest@3c756e4d</td></tr>
<tr>
<td title='org.gradle.TribonacciTest.testGetTribonacciIterativeReturnsTenthElementWhichIs_81()'><b>testGetTribonacciIterativeReturnsTenthElementWhichIs_81</b><br>Test class: org.gradle.TribonacciTest</td>
<td></td>
<td>0</td>
<td>org.gradle.TribonacciTest@3c756e4d</td></tr>
<tr>
<td title='org.gradle.TribonacciTest.testGetTribonacciIterativeReturnsThirdElementWhichIs_1()'><b>testGetTribonacciIterativeReturnsThirdElementWhichIs_1</b><br>Test class: org.gradle.TribonacciTest</td>
<td></td>
<td>0</td>
<td>org.gradle.TribonacciTest@3c756e4d</td></tr>
<tr>
<td title='org.gradle.TribonacciTest.testGetTribonacciIterativeReturnsTwentyFithElementWhichIs_755476()'><b>testGetTribonacciIterativeReturnsTwentyFithElementWhichIs_755476</b><br>Test class: org.gradle.TribonacciTest</td>
<td></td>
<td>0</td>
<td>org.gradle.TribonacciTest@3c756e4d</td></tr>
<tr>
<td title='org.gradle.TribonacciTest.testGetTribonacciRecursiveReturnsFirstElementWhichIs_0()'><b>testGetTribonacciRecursiveReturnsFirstElementWhichIs_0</b><br>Test class: org.gradle.TribonacciTest</td>
<td></td>
<td>0</td>
<td>org.gradle.TribonacciTest@3c756e4d</td></tr>
<tr>
<td title='org.gradle.TribonacciTest.testGetTribonacciRecursiveReturnsFithElementWhichIs_2()'><b>testGetTribonacciRecursiveReturnsFithElementWhichIs_2</b><br>Test class: org.gradle.TribonacciTest</td>
<td></td>
<td>0</td>
<td>org.gradle.TribonacciTest@3c756e4d</td></tr>
<tr>
<td title='org.gradle.TribonacciTest.testGetTribonacciRecursiveReturnsFourthElementWhichIs_1()'><b>testGetTribonacciRecursiveReturnsFourthElementWhichIs_1</b><br>Test class: org.gradle.TribonacciTest</td>
<td></td>
<td>0</td>
<td>org.gradle.TribonacciTest@3c756e4d</td></tr>
<tr>
<td title='org.gradle.TribonacciTest.testGetTribonacciRecursiveReturnsSecondElementWhichIs_0()'><b>testGetTribonacciRecursiveReturnsSecondElementWhichIs_0</b><br>Test class: org.gradle.TribonacciTest</td>
<td></td>
<td>0</td>
<td>org.gradle.TribonacciTest@3c756e4d</td></tr>
<tr>
<td title='org.gradle.TribonacciTest.testGetTribonacciRecursiveReturnsTenthElementWhichIs_81()'><b>testGetTribonacciRecursiveReturnsTenthElementWhichIs_81</b><br>Test class: org.gradle.TribonacciTest</td>
<td></td>
<td>0</td>
<td>org.gradle.TribonacciTest@3c756e4d</td></tr>
<tr>
<td title='org.gradle.TribonacciTest.testGetTribonacciRecursiveReturnsThirdElementWhichIs_1()'><b>testGetTribonacciRecursiveReturnsThirdElementWhichIs_1</b><br>Test class: org.gradle.TribonacciTest</td>
<td></td>
<td>0</td>
<td>org.gradle.TribonacciTest@3c756e4d</td></tr>
<tr>
<td title='org.gradle.TribonacciTest.testGetTribonacciRecursiveReturnsTwentyFithElementWhichIs_755476()'><b>testGetTribonacciRecursiveReturnsTwentyFithElementWhichIs_755476</b><br>Test class: org.gradle.TribonacciTest</td>
<td></td>
<td>0</td>
<td>org.gradle.TribonacciTest@3c756e4d</td></tr>
</table><p>
</body>
</html>