<?xml version="1.0" encoding="UTF-8"?>
<!-- Generated by org.testng.reporters.JUnitXMLReporter -->
<testsuite hostname="DESKTOP-F4CISCT" name="Tribonacci-Test" tests="14" failures="0" timestamp="14 Apr 2016 14:28:30 GMT" time="0.027" errors="0">
  <testcase name="@BeforeTest setupBeforeTest" time="0.0" classname="org.gradle.TribonacciTest">
    <failure type="org.testng.TestNGException" message="
Parameter &amp;apos;test-name&amp;apos; is required by @Configuration on method setupBeforeTest but has not been marked @Optional or defined
in C:\Users\horia\eclipse_workspace\Markit\tribonacci_test.xml">
      <![CDATA[org.testng.TestNGException: 
Parameter 'test-name' is required by @Configuration on method setupBeforeTest but has not been marked @Optional or defined
in C:\Users\horia\eclipse_workspace\Markit\tribonacci_test.xml
	at java.util.concurrent.FutureTask.run(Unknown Source)
	at java.util.concurrent.ThreadPoolExecutor.runWorker(Unknown Source)
	at java.util.concurrent.ThreadPoolExecutor$Worker.run(Unknown Source)
	at java.lang.Thread.run(Unknown Source)
... Removed 11 stack frames]]>
    </failure>
  </testcase> <!-- @BeforeTest setupBeforeTest -->
  <testcase name="testGetTribonacciIterativeReturnsFirstElementWhichIs_0" time="0.003" classname="org.gradle.TribonacciTest">
    <skipped/>
  </testcase> <!-- testGetTribonacciIterativeReturnsFirstElementWhichIs_0 -->
  <testcase name="testGetTribonacciIterativeReturnsFithElementWhichIs_2" time="0.0" classname="org.gradle.TribonacciTest">
    <skipped/>
  </testcase> <!-- testGetTribonacciIterativeReturnsFithElementWhichIs_2 -->
  <testcase name="testGetTribonacciIterativeReturnsFourthElementWhichIs_1" time="0.0" classname="org.gradle.TribonacciTest">
    <skipped/>
  </testcase> <!-- testGetTribonacciIterativeReturnsFourthElementWhichIs_1 -->
  <testcase name="testGetTribonacciIterativeReturnsSecondElementWhichIs_0" time="0.001" classname="org.gradle.TribonacciTest">
    <skipped/>
  </testcase> <!-- testGetTribonacciIterativeReturnsSecondElementWhichIs_0 -->
  <testcase name="testGetTribonacciIterativeReturnsTenthElementWhichIs_81" time="0.001" classname="org.gradle.TribonacciTest">
    <skipped/>
  </testcase> <!-- testGetTribonacciIterativeReturnsTenthElementWhichIs_81 -->
  <testcase name="testGetTribonacciIterativeReturnsThirdElementWhichIs_1" time="0.0" classname="org.gradle.TribonacciTest">
    <skipped/>
  </testcase> <!-- testGetTribonacciIterativeReturnsThirdElementWhichIs_1 -->
  <testcase name="testGetTribonacciIterativeReturnsTwentyFithElementWhichIs_755476" time="0.0" classname="org.gradle.TribonacciTest">
    <skipped/>
  </testcase> <!-- testGetTribonacciIterativeReturnsTwentyFithElementWhichIs_755476 -->
  <testcase name="testGetTribonacciRecursiveReturnsFirstElementWhichIs_0" time="0.0" classname="org.gradle.TribonacciTest">
    <skipped/>
  </testcase> <!-- testGetTribonacciRecursiveReturnsFirstElementWhichIs_0 -->
  <testcase name="testGetTribonacciRecursiveReturnsFithElementWhichIs_2" time="0.001" classname="org.gradle.TribonacciTest">
    <skipped/>
  </testcase> <!-- testGetTribonacciRecursiveReturnsFithElementWhichIs_2 -->
  <testcase name="testGetTribonacciRecursiveReturnsFourthElementWhichIs_1" time="0.001" classname="org.gradle.TribonacciTest">
    <skipped/>
  </testcase> <!-- testGetTribonacciRecursiveReturnsFourthElementWhichIs_1 -->
  <testcase name="testGetTribonacciRecursiveReturnsSecondElementWhichIs_0" time="0.001" classname="org.gradle.TribonacciTest">
    <skipped/>
  </testcase> <!-- testGetTribonacciRecursiveReturnsSecondElementWhichIs_0 -->
  <testcase name="testGetTribonacciRecursiveReturnsTenthElementWhichIs_81" time="0.0" classname="org.gradle.TribonacciTest">
    <skipped/>
  </testcase> <!-- testGetTribonacciRecursiveReturnsTenthElementWhichIs_81 -->
  <testcase name="testGetTribonacciRecursiveReturnsThirdElementWhichIs_1" time="0.0" classname="org.gradle.TribonacciTest">
    <skipped/>
  </testcase> <!-- testGetTribonacciRecursiveReturnsThirdElementWhichIs_1 -->
  <testcase name="testGetTribonacciRecursiveReturnsTwentyFithElementWhichIs_755476" time="0.001" classname="org.gradle.TribonacciTest">
    <skipped/>
  </testcase> <!-- testGetTribonacciRecursiveReturnsTwentyFithElementWhichIs_755476 -->
</testsuite> <!-- Tribonacci-Test -->
